#
# A fatal error has been detected by the Java Runtime Environment:
#
#  EXCEPTION_ACCESS_VIOLATION (0xc0000005) at pc=0x000007fed96fd65a, pid=7788, tid=4176
#
# JRE version: OpenJDK Runtime Environment (17.0.2+8) (build 17.0.2+8-86)
# Java VM: OpenJDK 64-Bit Server VM (17.0.2+8-86, mixed mode, sharing, tiered, compressed oops, compressed class ptrs, g1 gc, windows-amd64)
# Problematic frame:
# V  [jvm.dll+0x73d65a]
#
# No core dump will be written. Minidumps are not enabled by default on client versions of Windows
#
# If you would like to submit a bug report, please visit:
#   https://bugreport.java.com/bugreport/crash.jsp
#

---------------  S U M M A R Y ------------

Command Line: -javaagent:C:\Program Files\JetBrains\IntelliJ IDEA Community Edition 2022.1\lib\idea_rt.jar=50017:C:\Program Files\JetBrains\IntelliJ IDEA Community Edition 2022.1\bin -Dfile.encoding=UTF-8 Main

Host: Intel(R) Core(TM) i5-2430M CPU @ 2.40GHz, 4 cores, 7G,  Windows 7 , 64 bit Build 7601 (6.1.7601.24384)
Time: Wed Dec 21 20:21:53 2022 Центральная Азия (зима) elapsed time: 5.815725 seconds (0d 0h 0m 5s)

---------------  T H R E A D  ---------------

Current thread (0x00000000226cc940):  JavaThread "AWT-EventQueue-0" [_thread_in_vm, id=4176, stack(0x0000000021e10000,0x0000000021f10000)]

Stack: [0x0000000021e10000,0x0000000021f10000],  sp=0x0000000021f0d260,  free space=1012k
Native frames: (J=compiled Java code, j=interpreted, Vv=VM code, C=native code)
V  [jvm.dll+0x73d65a]
V  [jvm.dll+0x5579f5]
V  [jvm.dll+0x557e88]
V  [jvm.dll+0x37eefe]
V  [jvm.dll+0x37e9a2]
C  0x0000000009df91e8

Java frames: (J=compiled Java code, j=interpreted, Vv=VM code)
j  javax.swing.plaf.basic.BasicGraphicsUtils.getPreferredButtonSize(Ljavax/swing/AbstractButton;I)Ljava/awt/Dimension;+145 java.desktop@17.0.2
j  javax.swing.plaf.basic.BasicButtonUI.getPreferredSize(Ljavax/swing/JComponent;)Ljava/awt/Dimension;+10 java.desktop@17.0.2
j  javax.swing.JComponent.getPreferredSize()Ljava/awt/Dimension;+26 java.desktop@17.0.2
j  java.awt.FlowLayout.layoutContainer(Ljava/awt/Container;)V+127 java.desktop@17.0.2
j  java.awt.Container.layout()V+11 java.desktop@17.0.2
j  java.awt.Container.doLayout()V+1 java.desktop@17.0.2
j  java.awt.Container.validateTree()V+47 java.desktop@17.0.2
j  java.awt.Container.validateTree()V+110 java.desktop@17.0.2
j  java.awt.Container.validateTree()V+110 java.desktop@17.0.2
j  java.awt.Container.validateTree()V+110 java.desktop@17.0.2
j  java.awt.Container.validateTree()V+110 java.desktop@17.0.2
j  java.awt.Container.validate()V+60 java.desktop@17.0.2
j  java.awt.Container.validateUnconditionally()V+14 java.desktop@17.0.2
j  java.awt.Window.show()V+12 java.desktop@17.0.2
j  java.awt.Component.show(Z)V+5 java.desktop@17.0.2
j  java.awt.Component.setVisible(Z)V+2 java.desktop@17.0.2
j  java.awt.Window.setVisible(Z)V+2 java.desktop@17.0.2
j  RegEvent.RegEv.<init>(Ljavax/swing/JFrame;Ljavax/swing/JPanel;)V+369
j  RegEvent.MenuFile$1.actionPerformed(Ljava/awt/event/ActionEvent;)V+12
j  javax.swing.AbstractButton.fireActionPerformed(Ljava/awt/event/ActionEvent;)V+84 java.desktop@17.0.2
j  javax.swing.AbstractButton$Handler.actionPerformed(Ljava/awt/event/ActionEvent;)V+5 java.desktop@17.0.2
j  javax.swing.DefaultButtonModel.fireActionPerformed(Ljava/awt/event/ActionEvent;)V+34 java.desktop@17.0.2
j  javax.swing.DefaultButtonModel.setPressed(Z)V+117 java.desktop@17.0.2
j  javax.swing.AbstractButton.doClick(I)V+60 java.desktop@17.0.2
j  javax.swing.plaf.basic.BasicMenuItemUI.doClick(Ljavax/swing/MenuSelectionManager;)V+47 java.desktop@17.0.2
j  javax.swing.plaf.basic.BasicMenuItemUI$Handler.mouseReleased(Ljava/awt/event/MouseEvent;)V+76 java.desktop@17.0.2
j  java.awt.Component.processMouseEvent(Ljava/awt/event/MouseEvent;)V+64 java.desktop@17.0.2
j  javax.swing.JComponent.processMouseEvent(Ljava/awt/event/MouseEvent;)V+23 java.desktop@17.0.2
j  java.awt.Component.processEvent(Ljava/awt/AWTEvent;)V+81 java.desktop@17.0.2
j  java.awt.Container.processEvent(Ljava/awt/AWTEvent;)V+18 java.desktop@17.0.2
j  java.awt.Component.dispatchEventImpl(Ljava/awt/AWTEvent;)V+496 java.desktop@17.0.2
j  java.awt.Container.dispatchEventImpl(Ljava/awt/AWTEvent;)V+42 java.desktop@17.0.2
j  java.awt.Component.dispatchEvent(Ljava/awt/AWTEvent;)V+2 java.desktop@17.0.2
j  java.awt.LightweightDispatcher.retargetMouseEvent(Ljava/awt/Component;ILjava/awt/event/MouseEvent;)V+349 java.desktop@17.0.2
j  java.awt.LightweightDispatcher.processMouseEvent(Ljava/awt/event/MouseEvent;)Z+155 java.desktop@17.0.2
j  java.awt.LightweightDispatcher.dispatchEvent(Ljava/awt/AWTEvent;)Z+50 java.desktop@17.0.2
j  java.awt.Container.dispatchEventImpl(Ljava/awt/AWTEvent;)V+12 java.desktop@17.0.2
j  java.awt.Window.dispatchEventImpl(Ljava/awt/AWTEvent;)V+19 java.desktop@17.0.2
j  java.awt.Component.dispatchEvent(Ljava/awt/AWTEvent;)V+2 java.desktop@17.0.2
j  java.awt.EventQueue.dispatchEventImpl(Ljava/awt/AWTEvent;Ljava/lang/Object;)V+41 java.desktop@17.0.2
j  java.awt.EventQueue$4.run()Ljava/lang/Void;+32 java.desktop@17.0.2
j  java.awt.EventQueue$4.run()Ljava/lang/Object;+1 java.desktop@17.0.2
J 849 c1 java.security.ProtectionDomain$JavaSecurityAccessImpl.doIntersectionPrivilege(Ljava/security/PrivilegedAction;Ljava/security/AccessControlContext;Ljava/security/AccessControlContext;)Ljava/lang/Object; java.base@17.0.2 (22 bytes) @ 0x000000000a4b85b4 [0x000000000a4b8320+0x0000000000000294]
j  java.security.ProtectionDomain$JavaSecurityAccessImpl.doIntersectionPrivilege(Ljava/security/PrivilegedAction;Ljava/security/AccessControlContext;)Ljava/lang/Object;+6 java.base@17.0.2
j  java.awt.EventQueue$5.run()Ljava/lang/Void;+11 java.desktop@17.0.2
j  java.awt.EventQueue$5.run()Ljava/lang/Object;+1 java.desktop@17.0.2
J 849 c1 java.security.ProtectionDomain$JavaSecurityAccessImpl.doIntersectionPrivilege(Ljava/security/PrivilegedAction;Ljava/security/AccessControlContext;Ljava/security/AccessControlContext;)Ljava/lang/Object; java.base@17.0.2 (22 bytes) @ 0x000000000a4b85b4 [0x000000000a4b8320+0x0000000000000294]
j  java.awt.EventQueue.dispatchEvent(Ljava/awt/AWTEvent;)V+73 java.desktop@17.0.2
j  java.awt.EventDispatchThread.pumpOneEventForFilters(I)V+78 java.desktop@17.0.2
j  java.awt.EventDispatchThread.pumpEventsForFilter(ILjava/awt/Conditional;Ljava/awt/EventFilter;)V+35 java.desktop@17.0.2
j  java.awt.EventDispatchThread.pumpEventsForHierarchy(ILjava/awt/Conditional;Ljava/awt/Component;)V+11 java.desktop@17.0.2
j  java.awt.EventDispatchThread.pumpEvents(ILjava/awt/Conditional;)V+4 java.desktop@17.0.2
j  java.awt.EventDispatchThread.pumpEvents(Ljava/awt/Conditional;)V+3 java.desktop@17.0.2
j  java.awt.EventDispatchThread.run()V+9 java.desktop@17.0.2
v  ~StubRoutines::call_stub

siginfo: EXCEPTION_ACCESS_VIOLATION (0xc0000005), reading address 0x00000010207148fc


Register to memory mapping:

RIP=0x000007fed96fd65a jvm.dll
RAX=0x0 is NULL
RBX=0x0000000800451600 is pointing into metadata
RCX=0x00000010207148f8 is an unknown value
RDX=0x00000010207148f8 is an unknown value
RSP=0x0000000021f0d260 is pointing into the stack for thread: 0x00000000226cc940
RBP=0x00000000226cc940 is a thread
RSI=0x0000000020ca4e10 points into unknown readable memory: 0x0000000000000000 | 00 00 00 00 00 00 00 00
RDI=0x000000002286a900 points into unknown readable memory: 0x115953dd00000002 | 02 00 00 00 dd 53 59 11
R8 =0x0000000800456310 is pointing into metadata
R9 =0x0000000021f0d4f0 is pointing into the stack for thread: 0x00000000226cc940
R10=0x00000000228c9680 points into unknown readable memory: 0x0000001e00000006 | 06 00 00 00 1e 00 00 00
R11=0x0000000021f0d1a0 is pointing into the stack for thread: 0x00000000226cc940
R12=0x00000000000003d8 is an unknown value
R13=0x00000010207148f8 is an unknown value
R14=0x0000000020ca4e20 points into unknown readable memory: 0x0000000020c660a4 | a4 60 c6 20 00 00 00 00
R15=0x0000000020ca51f8 points into unknown readable memory: 0x880000863c155c6f | 6f 5c 15 3c 86 00 00 88


Registers:
RAX=0x0000000000000000, RBX=0x0000000800451600, RCX=0x00000010207148f8, RDX=0x00000010207148f8
RSP=0x0000000021f0d260, RBP=0x00000000226cc940, RSI=0x0000000020ca4e10, RDI=0x000000002286a900
R8 =0x0000000800456310, R9 =0x0000000021f0d4f0, R10=0x00000000228c9680, R11=0x0000000021f0d1a0
R12=0x00000000000003d8, R13=0x00000010207148f8, R14=0x0000000020ca4e20, R15=0x0000000020ca51f8
RIP=0x000007fed96fd65a, EFLAGS=0x0000000000010206

Top of Stack: (sp=0x0000000021f0d260)
0x0000000021f0d260:   0000000800c22238 00000010207148f8
0x0000000021f0d270:   0000000800456310 0000000021f0d4f0
0x0000000021f0d280:   000000002286a900 000007fed95179f5
0x0000000021f0d290:   0000000800451600 00000000226cc940
0x0000000021f0d2a0:   00000000000000b4 000007fed91d17fe
0x0000000021f0d2b0:   00000000226cc940 000000002265c238
0x0000000021f0d2c0:   0000000021010000 000007fed91d1c48
0x0000000021f0d2d0:   0000000021010000 000007fed91d1c48
0x0000000021f0d2e0:   0000000800456310 000000002150f046
0x0000000021f0d2f0:   0000000800456310 000007fed9307316
0x0000000021f0d300:   0000000021f0d378 000007fed95c5529
0x0000000021f0d310:   0000000000000004 000007fed916cd07
0x0000000021f0d320:   0000000089ac3518 00000000226cc940
0x0000000021f0d330:   00000000228675e0 000007fed95c51f5
0x0000000021f0d340:   0000000089ac3518 000007fed93c5cae
0x0000000021f0d350:   0000000000000004 000007fed93c7ed1 

Instructions: (pc=0x000007fed96fd65a)
0x000007fed96fd55a:   48 83 c4 20 5f e9 8c 75 96 ff cc cc cc cc cc cc
0x000007fed96fd56a:   cc cc cc cc cc cc 48 89 5c 24 08 57 48 83 ec 20
0x000007fed96fd57a:   83 fa 02 8d 42 06 b9 08 00 00 00 49 8b d8 0f 4e
0x000007fed96fd58a:   c1 48 63 c8 48 83 c1 07 83 e1 f8 48 63 f9 49 8b
0x000007fed96fd59a:   48 18 48 8b c7 48 f7 d0 48 3b c1 73 16 4c 8d 05
0x000007fed96fd5aa:   8a 52 17 00 48 8b d7 48 8b cb e8 97 d8 96 ff 48
0x000007fed96fd5ba:   8b 4b 18 48 8d 04 39 48 3b 43 20 76 18 45 33 c0
0x000007fed96fd5ca:   48 8b d7 48 8b cb 48 8b 5c 24 30 48 83 c4 20 5f
0x000007fed96fd5da:   e9 f1 d4 96 ff 48 89 43 18 48 8b c1 48 8b 5c 24
0x000007fed96fd5ea:   30 48 83 c4 20 5f c3 cc cc cc cc cc cc cc cc cc
0x000007fed96fd5fa:   cc cc cc cc cc cc 4c 8b d2 4c 8b d9 45 85 c0 7e
0x000007fed96fd60a:   3c 44 0f b7 49 04 41 8d 40 ff 41 3b c1 44 0f 4c
0x000007fed96fd61a:   c8 4d 63 c1 45 85 c9 7e 1f 48 8b c2 4c 2b da 49
0x000007fed96fd62a:   8b d0 0f 1f 40 00 41 0f b6 4c 03 06 88 08 48 8d
0x000007fed96fd63a:   40 01 48 83 ea 01 75 ee 43 c6 04 10 00 49 8b c2
0x000007fed96fd64a:   c3 cc cc cc cc cc 48 89 5c 24 08 57 48 83 ec 20
0x000007fed96fd65a:   0f b7 59 04 48 8b f9 33 d2 48 8d 4b 01 e8 44 96
0x000007fed96fd66a:   f8 ff 0f b7 57 04 4c 8b c0 3b da 0f 42 d3 44 8b
0x000007fed96fd67a:   ca 85 d2 74 39 48 2b f8 0f 1f 40 00 66 66 0f 1f
0x000007fed96fd68a:   84 00 00 00 00 00 0f b6 4c 07 06 88 08 48 ff c0
0x000007fed96fd69a:   48 8b c8 49 2b c8 49 3b c9 7c eb 42 c6 04 02 00
0x000007fed96fd6aa:   49 8b c0 48 8b 5c 24 30 48 83 c4 20 5f c3 48 8b
0x000007fed96fd6ba:   5c 24 30 c6 04 02 00 48 83 c4 20 5f c3 cc cc cc
0x000007fed96fd6ca:   cc cc cc cc cc cc 4c 8b d1 45 85 c0 7e 6c 44 0f
0x000007fed96fd6da:   b7 49 04 41 8d 40 ff 41 3b c1 44 0f 4c c8 4d 63
0x000007fed96fd6ea:   d9 45 85 c9 7e 22 48 8b ca 4c 2b d2 4d 8b c3 0f
0x000007fed96fd6fa:   1f 80 00 00 00 00 41 0f b6 44 0a 06 88 01 48 8d
0x000007fed96fd70a:   49 01 49 83 e8 01 75 ee 41 c6 04 13 00 48 c7 c0
0x000007fed96fd71a:   ff ff ff ff 66 90 48 ff c0 80 3c 02 00 75 f7 48
0x000007fed96fd72a:   63 c8 85 c0 48 8b c2 7e 14 80 38 2f 75 03 c6 00
0x000007fed96fd73a:   2e 48 ff c0 48 83 e9 01 75 ef 48 8b c2 c3 cc cc
0x000007fed96fd74a:   cc cc cc cc cc cc 48 83 ec 28 e8 f7 fe ff ff 4c 


Stack slot to memory mapping:
stack at sp + 0 slots: 0x0000000800c22238 is a pointer to class: 
java.awt.Rectangle {0x0000000800c22240}
 - instance size:     4
 - klass size:        140
 - access:            public synchronized 
 - state:             fully_initialized
 - name:              'java/awt/Rectangle'
 - super:             'java/awt/geom/Rectangle2D'
 - sub:               'javax/swing/text/DefaultCaret'   
 - arrays:            'java/awt/Rectangle'[]
 - methods:           Array<T>(0x0000000021291d90)
 - method ordering:   Array<T>(0x00000008008f01d8)
 - default_methods:   Array<T>(0x0000000000000000)
 - local interfaces:  Array<T>(0x0000000021291658)
 - trans. interfaces: Array<T>(0x0000000021298580)
 - constants:         constant pool [267]/operands[5] {0x0000000021290d38} for 'java/awt/Rectangle' cache=0x0000000021298d00
 - class loader data:  loader data: 0x00000000206c8590 of 'bootstrap'
 - source file:       'Rectangle.java'
 - class annotations:       Array<T>(0x0000000000000000)
 - class type annotations:  Array<T>(0x0000000000000000)
 - field annotations:       Array<T>(0x0000000000000000)
 - field type annotations:  Array<T>(0x0000000000000000)
 - inner classes:     Array<T>(0x0000000021294d98)
 - nest members:     Array<T>(0x00000008005cf238)
 - permitted subclasses:     Array<T>(0x00000008005cf238)
 - java mirror:       a 'java/lang/Class'{0x0000000089fe2c00} = 'java/awt/Rectangle'
 - vtable length      69  (start addr: 0x0000000800c22400)
 - itable length      14 (start addr: 0x0000000800c22628)
 - ---- static fields (1 words):
 - private static final 'serialVersionUID' 'J' @112 
 - ---- non-static fields (4 words):
 - public 'x' 'I' @12 
 - public 'y' 'I' @16 
 - public 'width' 'I' @20 
 - public 'height' 'I' @24 
 - non-static oop maps: 
stack at sp + 1 slots: 0x00000010207148f8 is an unknown value
stack at sp + 2 slots: 0x0000000800456310 is pointing into metadata
stack at sp + 3 slots: 0x0000000021f0d4f0 is pointing into the stack for thread: 0x00000000226cc940
stack at sp + 4 slots: 0x000000002286a900 points into unknown readable memory: 0x115953dd00000002 | 02 00 00 00 dd 53 59 11
stack at sp + 5 slots: 0x000007fed95179f5 jvm.dll
stack at sp + 6 slots: 0x0000000800451600 is pointing into metadata
stack at sp + 7 slots: 0x00000000226cc940 is a thread


---------------  P R O C E S S  ---------------

Threads class SMR info:
_java_thread_list=0x000000002c20fd70, length=18, elements={
0x0000000020c5f970, 0x0000000020c617b0, 0x0000000020c75130, 0x0000000020c75e10,
0x0000000020c78fb0, 0x0000000020c79870, 0x0000000020c7a510, 0x0000000020c7e640,
0x0000000020cefa90, 0x0000000020c50130, 0x000000002261e970, 0x000000002261ee40,
0x00000000226cb600, 0x00000000226cbad0, 0x00000000226cbfa0, 0x00000000226cc940,
0x00000000226cce10, 0x00000000226cd2e0
}

Java Threads: ( => current thread )
  0x0000000020c5f970 JavaThread "Reference Handler" daemon [_thread_blocked, id=6204, stack(0x0000000021900000,0x0000000021a00000)]
  0x0000000020c617b0 JavaThread "Finalizer" daemon [_thread_blocked, id=7180, stack(0x00000000209d0000,0x0000000020ad0000)]
  0x0000000020c75130 JavaThread "Signal Dispatcher" daemon [_thread_blocked, id=3420, stack(0x0000000021a20000,0x0000000021b20000)]
  0x0000000020c75e10 JavaThread "Attach Listener" daemon [_thread_blocked, id=8132, stack(0x0000000021b80000,0x0000000021c80000)]
  0x0000000020c78fb0 JavaThread "Service Thread" daemon [_thread_blocked, id=6084, stack(0x0000000021cf0000,0x0000000021df0000)]
  0x0000000020c79870 JavaThread "Monitor Deflation Thread" daemon [_thread_blocked, id=5868, stack(0x0000000021f20000,0x0000000022020000)]
  0x0000000020c7a510 JavaThread "C2 CompilerThread0" daemon [_thread_blocked, id=4848, stack(0x0000000020ef0000,0x0000000020ff0000)]
  0x0000000020c7e640 JavaThread "C1 CompilerThread0" daemon [_thread_blocked, id=884, stack(0x0000000022170000,0x0000000022270000)]
  0x0000000020cefa90 JavaThread "Sweeper thread" daemon [_thread_blocked, id=4164, stack(0x0000000022360000,0x0000000022460000)]
  0x0000000020c50130 JavaThread "Common-Cleaner" daemon [_thread_blocked, id=7388, stack(0x00000000224e0000,0x00000000225e0000)]
  0x000000002261e970 JavaThread "Monitor Ctrl-Break" daemon [_thread_in_native, id=2364, stack(0x0000000022ab0000,0x0000000022bb0000)]
  0x000000002261ee40 JavaThread "Notification Thread" daemon [_thread_blocked, id=5308, stack(0x0000000022d40000,0x0000000022e40000)]
  0x00000000226cb600 JavaThread "Java2D Disposer" daemon [_thread_blocked, id=5432, stack(0x000000002a610000,0x000000002a710000)]
  0x00000000226cbad0 JavaThread "AWT-Shutdown" [_thread_blocked, id=2396, stack(0x000000002a810000,0x000000002a910000)]
  0x00000000226cbfa0 JavaThread "AWT-Windows" daemon [_thread_in_native, id=5188, stack(0x000000002a960000,0x000000002aa60000)]
=>0x00000000226cc940 JavaThread "AWT-EventQueue-0" [_thread_in_vm, id=4176, stack(0x0000000021e10000,0x0000000021f10000)]
  0x00000000226cce10 JavaThread "DestroyJavaVM" [_thread_blocked, id=7024, stack(0x0000000002060000,0x0000000002160000)]
  0x00000000226cd2e0 JavaThread "TimerQueue" daemon [_thread_blocked, id=7108, stack(0x000000002c9e0000,0x000000002cae0000)]

Other Threads:
  0x000000002076fb90 VMThread "VM Thread" [stack: 0x0000000020de0000,0x0000000020ee0000] [id=5052]
  0x00000000226697f0 WatcherThread [stack: 0x0000000022070000,0x0000000022170000] [id=6000]
  0x00000000003b88e0 GCTaskThread "GC Thread#0" [stack: 0x000000001df90000,0x000000001e090000] [id=5896]
  0x00000000003cbab0 ConcurrentGCThread "G1 Main Marker" [stack: 0x000000001ddc0000,0x000000001dec0000] [id=7796]
  0x00000000003ccf90 ConcurrentGCThread "G1 Conc#0" [stack: 0x000000001e130000,0x000000001e230000] [id=6052]
  0x00000000206b4480 ConcurrentGCThread "G1 Refine#0" [stack: 0x0000000020880000,0x0000000020980000] [id=6068]
  0x00000000003ff260 ConcurrentGCThread "G1 Service" [stack: 0x0000000020ad0000,0x0000000020bd0000] [id=3288]

Threads with active compile tasks:

VM state: not at safepoint (normal execution)

VM Mutex/Monitor currently owned by a thread: None

Heap address: 0x0000000082400000, size: 2012 MB, Compressed Oops mode: 32-bit

CDS archive(s) mapped at: [0x0000000800000000-0x0000000800bc0000-0x0000000800bc0000), size 12320768, SharedBaseAddress: 0x0000000800000000, ArchiveRelocationMode: 0.
Compressed class space mapped at: 0x0000000800c00000-0x0000000840c00000, reserved size: 1073741824
Narrow klass base: 0x0000000800000000, Narrow klass shift: 0, Narrow klass range: 0x100000000

GC Precious Log:
 CPUs: 4 total, 4 available
 Memory: 8043M
 Large Page Support: Disabled
 NUMA Support: Disabled
 Compressed Oops: Enabled (32-bit)
 Heap Region Size: 1M
 Heap Min Capacity: 8M
 Heap Initial Capacity: 126M
 Heap Max Capacity: 2012M
 Pre-touch: Disabled
 Parallel Workers: 4
 Concurrent Workers: 1
 Concurrent Refinement Workers: 4
 Periodic GC: Disabled

Heap:
 garbage-first heap   total 129024K, used 7168K [0x0000000082400000, 0x0000000100000000)
  region size 1024K, 8 young (8192K), 0 survivors (0K)
 Metaspace       used 9815K, committed 10048K, reserved 1064960K
  class space    used 1201K, committed 1344K, reserved 1048576K

Heap Regions: E=young(eden), S=young(survivor), O=old, HS=humongous(starts), HC=humongous(continues), CS=collection set, F=free, OA=open archive, CA=closed archive, TAMS=top-at-mark-start (previous, next)
|   0|0x0000000082400000, 0x0000000082400000, 0x0000000082500000|  0%| F|  |TAMS 0x0000000082400000, 0x0000000082400000| Untracked 
|   1|0x0000000082500000, 0x0000000082500000, 0x0000000082600000|  0%| F|  |TAMS 0x0000000082500000, 0x0000000082500000| Untracked 
|   2|0x0000000082600000, 0x0000000082600000, 0x0000000082700000|  0%| F|  |TAMS 0x0000000082600000, 0x0000000082600000| Untracked 
|   3|0x0000000082700000, 0x0000000082700000, 0x0000000082800000|  0%| F|  |TAMS 0x0000000082700000, 0x0000000082700000| Untracked 
|   4|0x0000000082800000, 0x0000000082800000, 0x0000000082900000|  0%| F|  |TAMS 0x0000000082800000, 0x0000000082800000| Untracked 
|   5|0x0000000082900000, 0x0000000082900000, 0x0000000082a00000|  0%| F|  |TAMS 0x0000000082900000, 0x0000000082900000| Untracked 
|   6|0x0000000082a00000, 0x0000000082a00000, 0x0000000082b00000|  0%| F|  |TAMS 0x0000000082a00000, 0x0000000082a00000| Untracked 
|   7|0x0000000082b00000, 0x0000000082b00000, 0x0000000082c00000|  0%| F|  |TAMS 0x0000000082b00000, 0x0000000082b00000| Untracked 
|   8|0x0000000082c00000, 0x0000000082c00000, 0x0000000082d00000|  0%| F|  |TAMS 0x0000000082c00000, 0x0000000082c00000| Untracked 
|   9|0x0000000082d00000, 0x0000000082d00000, 0x0000000082e00000|  0%| F|  |TAMS 0x0000000082d00000, 0x0000000082d00000| Untracked 
|  10|0x0000000082e00000, 0x0000000082e00000, 0x0000000082f00000|  0%| F|  |TAMS 0x0000000082e00000, 0x0000000082e00000| Untracked 
|  11|0x0000000082f00000, 0x0000000082f00000, 0x0000000083000000|  0%| F|  |TAMS 0x0000000082f00000, 0x0000000082f00000| Untracked 
|  12|0x0000000083000000, 0x0000000083000000, 0x0000000083100000|  0%| F|  |TAMS 0x0000000083000000, 0x0000000083000000| Untracked 
|  13|0x0000000083100000, 0x0000000083100000, 0x0000000083200000|  0%| F|  |TAMS 0x0000000083100000, 0x0000000083100000| Untracked 
|  14|0x0000000083200000, 0x0000000083200000, 0x0000000083300000|  0%| F|  |TAMS 0x0000000083200000, 0x0000000083200000| Untracked 
|  15|0x0000000083300000, 0x0000000083300000, 0x0000000083400000|  0%| F|  |TAMS 0x0000000083300000, 0x0000000083300000| Untracked 
|  16|0x0000000083400000, 0x0000000083400000, 0x0000000083500000|  0%| F|  |TAMS 0x0000000083400000, 0x0000000083400000| Untracked 
|  17|0x0000000083500000, 0x0000000083500000, 0x0000000083600000|  0%| F|  |TAMS 0x0000000083500000, 0x0000000083500000| Untracked 
|  18|0x0000000083600000, 0x0000000083600000, 0x0000000083700000|  0%| F|  |TAMS 0x0000000083600000, 0x0000000083600000| Untracked 
|  19|0x0000000083700000, 0x0000000083700000, 0x0000000083800000|  0%| F|  |TAMS 0x0000000083700000, 0x0000000083700000| Untracked 
|  20|0x0000000083800000, 0x0000000083800000, 0x0000000083900000|  0%| F|  |TAMS 0x0000000083800000, 0x0000000083800000| Untracked 
|  21|0x0000000083900000, 0x0000000083900000, 0x0000000083a00000|  0%| F|  |TAMS 0x0000000083900000, 0x0000000083900000| Untracked 
|  22|0x0000000083a00000, 0x0000000083a00000, 0x0000000083b00000|  0%| F|  |TAMS 0x0000000083a00000, 0x0000000083a00000| Untracked 
|  23|0x0000000083b00000, 0x0000000083b00000, 0x0000000083c00000|  0%| F|  |TAMS 0x0000000083b00000, 0x0000000083b00000| Untracked 
|  24|0x0000000083c00000, 0x0000000083c00000, 0x0000000083d00000|  0%| F|  |TAMS 0x0000000083c00000, 0x0000000083c00000| Untracked 
|  25|0x0000000083d00000, 0x0000000083d00000, 0x0000000083e00000|  0%| F|  |TAMS 0x0000000083d00000, 0x0000000083d00000| Untracked 
|  26|0x0000000083e00000, 0x0000000083e00000, 0x0000000083f00000|  0%| F|  |TAMS 0x0000000083e00000, 0x0000000083e00000| Untracked 
|  27|0x0000000083f00000, 0x0000000083f00000, 0x0000000084000000|  0%| F|  |TAMS 0x0000000083f00000, 0x0000000083f00000| Untracked 
|  28|0x0000000084000000, 0x0000000084000000, 0x0000000084100000|  0%| F|  |TAMS 0x0000000084000000, 0x0000000084000000| Untracked 
|  29|0x0000000084100000, 0x0000000084100000, 0x0000000084200000|  0%| F|  |TAMS 0x0000000084100000, 0x0000000084100000| Untracked 
|  30|0x0000000084200000, 0x0000000084200000, 0x0000000084300000|  0%| F|  |TAMS 0x0000000084200000, 0x0000000084200000| Untracked 
|  31|0x0000000084300000, 0x0000000084300000, 0x0000000084400000|  0%| F|  |TAMS 0x0000000084300000, 0x0000000084300000| Untracked 
|  32|0x0000000084400000, 0x0000000084400000, 0x0000000084500000|  0%| F|  |TAMS 0x0000000084400000, 0x0000000084400000| Untracked 
|  33|0x0000000084500000, 0x0000000084500000, 0x0000000084600000|  0%| F|  |TAMS 0x0000000084500000, 0x0000000084500000| Untracked 
|  34|0x0000000084600000, 0x0000000084600000, 0x0000000084700000|  0%| F|  |TAMS 0x0000000084600000, 0x0000000084600000| Untracked 
|  35|0x0000000084700000, 0x0000000084700000, 0x0000000084800000|  0%| F|  |TAMS 0x0000000084700000, 0x0000000084700000| Untracked 
|  36|0x0000000084800000, 0x0000000084800000, 0x0000000084900000|  0%| F|  |TAMS 0x0000000084800000, 0x0000000084800000| Untracked 
|  37|0x0000000084900000, 0x0000000084900000, 0x0000000084a00000|  0%| F|  |TAMS 0x0000000084900000, 0x0000000084900000| Untracked 
|  38|0x0000000084a00000, 0x0000000084a00000, 0x0000000084b00000|  0%| F|  |TAMS 0x0000000084a00000, 0x0000000084a00000| Untracked 
|  39|0x0000000084b00000, 0x0000000084b00000, 0x0000000084c00000|  0%| F|  |TAMS 0x0000000084b00000, 0x0000000084b00000| Untracked 
|  40|0x0000000084c00000, 0x0000000084c00000, 0x0000000084d00000|  0%| F|  |TAMS 0x0000000084c00000, 0x0000000084c00000| Untracked 
|  41|0x0000000084d00000, 0x0000000084d00000, 0x0000000084e00000|  0%| F|  |TAMS 0x0000000084d00000, 0x0000000084d00000| Untracked 
|  42|0x0000000084e00000, 0x0000000084e00000, 0x0000000084f00000|  0%| F|  |TAMS 0x0000000084e00000, 0x0000000084e00000| Untracked 
|  43|0x0000000084f00000, 0x0000000084f00000, 0x0000000085000000|  0%| F|  |TAMS 0x0000000084f00000, 0x0000000084f00000| Untracked 
|  44|0x0000000085000000, 0x0000000085000000, 0x0000000085100000|  0%| F|  |TAMS 0x0000000085000000, 0x0000000085000000| Untracked 
|  45|0x0000000085100000, 0x0000000085100000, 0x0000000085200000|  0%| F|  |TAMS 0x0000000085100000, 0x0000000085100000| Untracked 
|  46|0x0000000085200000, 0x0000000085200000, 0x0000000085300000|  0%| F|  |TAMS 0x0000000085200000, 0x0000000085200000| Untracked 
|  47|0x0000000085300000, 0x0000000085300000, 0x0000000085400000|  0%| F|  |TAMS 0x0000000085300000, 0x0000000085300000| Untracked 
|  48|0x0000000085400000, 0x0000000085400000, 0x0000000085500000|  0%| F|  |TAMS 0x0000000085400000, 0x0000000085400000| Untracked 
|  49|0x0000000085500000, 0x0000000085500000, 0x0000000085600000|  0%| F|  |TAMS 0x0000000085500000, 0x0000000085500000| Untracked 
|  50|0x0000000085600000, 0x0000000085600000, 0x0000000085700000|  0%| F|  |TAMS 0x0000000085600000, 0x0000000085600000| Untracked 
|  51|0x0000000085700000, 0x0000000085700000, 0x0000000085800000|  0%| F|  |TAMS 0x0000000085700000, 0x0000000085700000| Untracked 
|  52|0x0000000085800000, 0x0000000085800000, 0x0000000085900000|  0%| F|  |TAMS 0x0000000085800000, 0x0000000085800000| Untracked 
|  53|0x0000000085900000, 0x0000000085900000, 0x0000000085a00000|  0%| F|  |TAMS 0x0000000085900000, 0x0000000085900000| Untracked 
|  54|0x0000000085a00000, 0x0000000085a00000, 0x0000000085b00000|  0%| F|  |TAMS 0x0000000085a00000, 0x0000000085a00000| Untracked 
|  55|0x0000000085b00000, 0x0000000085b00000, 0x0000000085c00000|  0%| F|  |TAMS 0x0000000085b00000, 0x0000000085b00000| Untracked 
|  56|0x0000000085c00000, 0x0000000085c00000, 0x0000000085d00000|  0%| F|  |TAMS 0x0000000085c00000, 0x0000000085c00000| Untracked 
|  57|0x0000000085d00000, 0x0000000085d00000, 0x0000000085e00000|  0%| F|  |TAMS 0x0000000085d00000, 0x0000000085d00000| Untracked 
|  58|0x0000000085e00000, 0x0000000085e00000, 0x0000000085f00000|  0%| F|  |TAMS 0x0000000085e00000, 0x0000000085e00000| Untracked 
|  59|0x0000000085f00000, 0x0000000085f00000, 0x0000000086000000|  0%| F|  |TAMS 0x0000000085f00000, 0x0000000085f00000| Untracked 
|  60|0x0000000086000000, 0x0000000086000000, 0x0000000086100000|  0%| F|  |TAMS 0x0000000086000000, 0x0000000086000000| Untracked 
|  61|0x0000000086100000, 0x0000000086100000, 0x0000000086200000|  0%| F|  |TAMS 0x0000000086100000, 0x0000000086100000| Untracked 
|  62|0x0000000086200000, 0x0000000086200000, 0x0000000086300000|  0%| F|  |TAMS 0x0000000086200000, 0x0000000086200000| Untracked 
|  63|0x0000000086300000, 0x0000000086300000, 0x0000000086400000|  0%| F|  |TAMS 0x0000000086300000, 0x0000000086300000| Untracked 
|  64|0x0000000086400000, 0x0000000086400000, 0x0000000086500000|  0%| F|  |TAMS 0x0000000086400000, 0x0000000086400000| Untracked 
|  65|0x0000000086500000, 0x0000000086500000, 0x0000000086600000|  0%| F|  |TAMS 0x0000000086500000, 0x0000000086500000| Untracked 
|  66|0x0000000086600000, 0x0000000086600000, 0x0000000086700000|  0%| F|  |TAMS 0x0000000086600000, 0x0000000086600000| Untracked 
|  67|0x0000000086700000, 0x0000000086700000, 0x0000000086800000|  0%| F|  |TAMS 0x0000000086700000, 0x0000000086700000| Untracked 
|  68|0x0000000086800000, 0x0000000086800000, 0x0000000086900000|  0%| F|  |TAMS 0x0000000086800000, 0x0000000086800000| Untracked 
|  69|0x0000000086900000, 0x0000000086900000, 0x0000000086a00000|  0%| F|  |TAMS 0x0000000086900000, 0x0000000086900000| Untracked 
|  70|0x0000000086a00000, 0x0000000086a00000, 0x0000000086b00000|  0%| F|  |TAMS 0x0000000086a00000, 0x0000000086a00000| Untracked 
|  71|0x0000000086b00000, 0x0000000086b00000, 0x0000000086c00000|  0%| F|  |TAMS 0x0000000086b00000, 0x0000000086b00000| Untracked 
|  72|0x0000000086c00000, 0x0000000086c00000, 0x0000000086d00000|  0%| F|  |TAMS 0x0000000086c00000, 0x0000000086c00000| Untracked 
|  73|0x0000000086d00000, 0x0000000086d00000, 0x0000000086e00000|  0%| F|  |TAMS 0x0000000086d00000, 0x0000000086d00000| Untracked 
|  74|0x0000000086e00000, 0x0000000086e00000, 0x0000000086f00000|  0%| F|  |TAMS 0x0000000086e00000, 0x0000000086e00000| Untracked 
|  75|0x0000000086f00000, 0x0000000086f00000, 0x0000000087000000|  0%| F|  |TAMS 0x0000000086f00000, 0x0000000086f00000| Untracked 
|  76|0x0000000087000000, 0x0000000087000000, 0x0000000087100000|  0%| F|  |TAMS 0x0000000087000000, 0x0000000087000000| Untracked 
|  77|0x0000000087100000, 0x0000000087100000, 0x0000000087200000|  0%| F|  |TAMS 0x0000000087100000, 0x0000000087100000| Untracked 
|  78|0x0000000087200000, 0x0000000087200000, 0x0000000087300000|  0%| F|  |TAMS 0x0000000087200000, 0x0000000087200000| Untracked 
|  79|0x0000000087300000, 0x0000000087300000, 0x0000000087400000|  0%| F|  |TAMS 0x0000000087300000, 0x0000000087300000| Untracked 
|  80|0x0000000087400000, 0x0000000087400000, 0x0000000087500000|  0%| F|  |TAMS 0x0000000087400000, 0x0000000087400000| Untracked 
|  81|0x0000000087500000, 0x0000000087500000, 0x0000000087600000|  0%| F|  |TAMS 0x0000000087500000, 0x0000000087500000| Untracked 
|  82|0x0000000087600000, 0x0000000087600000, 0x0000000087700000|  0%| F|  |TAMS 0x0000000087600000, 0x0000000087600000| Untracked 
|  83|0x0000000087700000, 0x0000000087700000, 0x0000000087800000|  0%| F|  |TAMS 0x0000000087700000, 0x0000000087700000| Untracked 
|  84|0x0000000087800000, 0x0000000087800000, 0x0000000087900000|  0%| F|  |TAMS 0x0000000087800000, 0x0000000087800000| Untracked 
|  85|0x0000000087900000, 0x0000000087900000, 0x0000000087a00000|  0%| F|  |TAMS 0x0000000087900000, 0x0000000087900000| Untracked 
|  86|0x0000000087a00000, 0x0000000087a00000, 0x0000000087b00000|  0%| F|  |TAMS 0x0000000087a00000, 0x0000000087a00000| Untracked 
|  87|0x0000000087b00000, 0x0000000087b00000, 0x0000000087c00000|  0%| F|  |TAMS 0x0000000087b00000, 0x0000000087b00000| Untracked 
|  88|0x0000000087c00000, 0x0000000087c00000, 0x0000000087d00000|  0%| F|  |TAMS 0x0000000087c00000, 0x0000000087c00000| Untracked 
|  89|0x0000000087d00000, 0x0000000087d00000, 0x0000000087e00000|  0%| F|  |TAMS 0x0000000087d00000, 0x0000000087d00000| Untracked 
|  90|0x0000000087e00000, 0x0000000087e00000, 0x0000000087f00000|  0%| F|  |TAMS 0x0000000087e00000, 0x0000000087e00000| Untracked 
|  91|0x0000000087f00000, 0x0000000087f00000, 0x0000000088000000|  0%| F|  |TAMS 0x0000000087f00000, 0x0000000087f00000| Untracked 
|  92|0x0000000088000000, 0x0000000088000000, 0x0000000088100000|  0%| F|  |TAMS 0x0000000088000000, 0x0000000088000000| Untracked 
|  93|0x0000000088100000, 0x0000000088100000, 0x0000000088200000|  0%| F|  |TAMS 0x0000000088100000, 0x0000000088100000| Untracked 
|  94|0x0000000088200000, 0x0000000088200000, 0x0000000088300000|  0%| F|  |TAMS 0x0000000088200000, 0x0000000088200000| Untracked 
|  95|0x0000000088300000, 0x0000000088300000, 0x0000000088400000|  0%| F|  |TAMS 0x0000000088300000, 0x0000000088300000| Untracked 
|  96|0x0000000088400000, 0x0000000088400000, 0x0000000088500000|  0%| F|  |TAMS 0x0000000088400000, 0x0000000088400000| Untracked 
|  97|0x0000000088500000, 0x0000000088500000, 0x0000000088600000|  0%| F|  |TAMS 0x0000000088500000, 0x0000000088500000| Untracked 
|  98|0x0000000088600000, 0x0000000088600000, 0x0000000088700000|  0%| F|  |TAMS 0x0000000088600000, 0x0000000088600000| Untracked 
|  99|0x0000000088700000, 0x0000000088700000, 0x0000000088800000|  0%| F|  |TAMS 0x0000000088700000, 0x0000000088700000| Untracked 
| 100|0x0000000088800000, 0x0000000088800000, 0x0000000088900000|  0%| F|  |TAMS 0x0000000088800000, 0x0000000088800000| Untracked 
| 101|0x0000000088900000, 0x0000000088900000, 0x0000000088a00000|  0%| F|  |TAMS 0x0000000088900000, 0x0000000088900000| Untracked 
| 102|0x0000000088a00000, 0x0000000088a00000, 0x0000000088b00000|  0%| F|  |TAMS 0x0000000088a00000, 0x0000000088a00000| Untracked 
| 103|0x0000000088b00000, 0x0000000088b00000, 0x0000000088c00000|  0%| F|  |TAMS 0x0000000088b00000, 0x0000000088b00000| Untracked 
| 104|0x0000000088c00000, 0x0000000088c00000, 0x0000000088d00000|  0%| F|  |TAMS 0x0000000088c00000, 0x0000000088c00000| Untracked 
| 105|0x0000000088d00000, 0x0000000088d00000, 0x0000000088e00000|  0%| F|  |TAMS 0x0000000088d00000, 0x0000000088d00000| Untracked 
| 106|0x0000000088e00000, 0x0000000088e00000, 0x0000000088f00000|  0%| F|  |TAMS 0x0000000088e00000, 0x0000000088e00000| Untracked 
| 107|0x0000000088f00000, 0x0000000088f00000, 0x0000000089000000|  0%| F|  |TAMS 0x0000000088f00000, 0x0000000088f00000| Untracked 
| 108|0x0000000089000000, 0x0000000089000000, 0x0000000089100000|  0%| F|  |TAMS 0x0000000089000000, 0x0000000089000000| Untracked 
| 109|0x0000000089100000, 0x0000000089100000, 0x0000000089200000|  0%| F|  |TAMS 0x0000000089100000, 0x0000000089100000| Untracked 
| 110|0x0000000089200000, 0x0000000089200000, 0x0000000089300000|  0%| F|  |TAMS 0x0000000089200000, 0x0000000089200000| Untracked 
| 111|0x0000000089300000, 0x0000000089300000, 0x0000000089400000|  0%| F|  |TAMS 0x0000000089300000, 0x0000000089300000| Untracked 
| 112|0x0000000089400000, 0x0000000089400000, 0x0000000089500000|  0%| F|  |TAMS 0x0000000089400000, 0x0000000089400000| Untracked 
| 113|0x0000000089500000, 0x0000000089500000, 0x0000000089600000|  0%| F|  |TAMS 0x0000000089500000, 0x0000000089500000| Untracked 
| 114|0x0000000089600000, 0x0000000089600000, 0x0000000089700000|  0%| F|  |TAMS 0x0000000089600000, 0x0000000089600000| Untracked 
| 115|0x0000000089700000, 0x0000000089700000, 0x0000000089800000|  0%| F|  |TAMS 0x0000000089700000, 0x0000000089700000| Untracked 
| 116|0x0000000089800000, 0x0000000089800000, 0x0000000089900000|  0%| F|  |TAMS 0x0000000089800000, 0x0000000089800000| Untracked 
| 117|0x0000000089900000, 0x0000000089900000, 0x0000000089a00000|  0%| F|  |TAMS 0x0000000089900000, 0x0000000089900000| Untracked 
| 118|0x0000000089a00000, 0x0000000089b00000, 0x0000000089b00000|100%| E|  |TAMS 0x0000000089a00000, 0x0000000089a00000| Complete 
| 119|0x0000000089b00000, 0x0000000089c00000, 0x0000000089c00000|100%| E|CS|TAMS 0x0000000089b00000, 0x0000000089b00000| Complete 
| 120|0x0000000089c00000, 0x0000000089d00000, 0x0000000089d00000|100%| E|CS|TAMS 0x0000000089c00000, 0x0000000089c00000| Complete 
| 121|0x0000000089d00000, 0x0000000089e00000, 0x0000000089e00000|100%| E|CS|TAMS 0x0000000089d00000, 0x0000000089d00000| Complete 
| 122|0x0000000089e00000, 0x0000000089f00000, 0x0000000089f00000|100%| E|CS|TAMS 0x0000000089e00000, 0x0000000089e00000| Complete 
| 123|0x0000000089f00000, 0x000000008a000000, 0x000000008a000000|100%| E|CS|TAMS 0x0000000089f00000, 0x0000000089f00000| Complete 
| 124|0x000000008a000000, 0x000000008a100000, 0x000000008a100000|100%| E|CS|TAMS 0x000000008a000000, 0x000000008a000000| Complete 
| 125|0x000000008a100000, 0x000000008a200000, 0x000000008a200000|100%| E|CS|TAMS 0x000000008a100000, 0x000000008a100000| Complete 

Card table byte_map: [0x0000000019700000,0x0000000019af0000] _byte_map_base: 0x00000000192ee000

Marking Bits (Prev, Next): (CMBitMap*) 0x00000000003bae00, (CMBitMap*) 0x00000000003bae40
 Prev Bits: [0x0000000019ee0000, 0x000000001be50000)
 Next Bits: [0x000000001be50000, 0x000000001ddc0000)

Polling page: 0x0000000000240000

Metaspace:

Usage:
  Non-class:      8.41 MB used.
      Class:      1.17 MB used.
       Both:      9.59 MB used.

Virtual space:
  Non-class space:       16.00 MB reserved,       8.50 MB ( 53%) committed,  2 nodes.
      Class space:        1.00 GB reserved,       1.31 MB ( <1%) committed,  1 nodes.
             Both:        1.02 GB reserved,       9.81 MB ( <1%) committed. 

Chunk freelists:
   Non-Class:  3.00 MB
       Class:  2.75 MB
        Both:  5.75 MB

MaxMetaspaceSize: unlimited
CompressedClassSpaceSize: 1.00 GB
Initial GC threshold: 21.00 MB
Current GC threshold: 21.00 MB
CDS: on
MetaspaceReclaimPolicy: balanced
 - commit_granule_bytes: 65536.
 - commit_granule_words: 8192.
 - virtual_space_node_default_size: 1048576.
 - enlarge_chunks_in_place: 1.
 - new_chunks_are_fully_committed: 0.
 - uncommit_free_chunks: 1.
 - use_allocation_guard: 0.
 - handle_deallocations: 1.


Internal statistics:

num_allocs_failed_limit: 0.
num_arena_births: 122.
num_arena_deaths: 0.
num_vsnodes_births: 3.
num_vsnodes_deaths: 0.
num_space_committed: 157.
num_space_uncommitted: 0.
num_chunks_returned_to_freelist: 0.
num_chunks_taken_from_freelist: 191.
num_chunk_merges: 0.
num_chunk_splits: 95.
num_chunks_enlarged: 26.
num_purges: 0.
num_inconsistent_stats: 0.

CodeHeap 'non-profiled nmethods': size=120000Kb used=265Kb max_used=265Kb free=119734Kb
 bounds [0x00000000118b0000, 0x0000000011b20000, 0x0000000018de0000]
CodeHeap 'profiled nmethods': size=120000Kb used=1438Kb max_used=1438Kb free=118562Kb
 bounds [0x000000000a380000, 0x000000000a5f0000, 0x00000000118b0000]
CodeHeap 'non-nmethods': size=5760Kb used=1287Kb max_used=1303Kb free=4472Kb
 bounds [0x0000000009de0000, 0x000000000a050000, 0x000000000a380000]
 total_blobs=1590 nmethods=969 adapters=534
 compilation: enabled
              stopped_count=0, restarted_count=0
 full_count=0

Compilation events (20 events):
Event: 5.683 Thread 0x0000000020c7e640 nmethod 961 0x000000000a4e2890 code [0x000000000a4e2a40, 0x000000000a4e2cb8]
Event: 5.683 Thread 0x0000000020c7e640  962       3       sun.font.CompositeStrike::getStrikeForGlyph (9 bytes)
Event: 5.683 Thread 0x0000000020c7e640 nmethod 962 0x000000000a4e2e10 code [0x000000000a4e2fa0, 0x000000000a4e30e8]
Event: 5.683 Thread 0x0000000020c7e640  963       3       javax.swing.RepaintManager::addDirtyRegion (37 bytes)
Event: 5.683 Thread 0x0000000020c7e640 nmethod 963 0x000000000a4e3190 code [0x000000000a4e3360, 0x000000000a4e3668]
Event: 5.684 Thread 0x0000000020c7e640  964       3       java.util.IdentityHashMap::maskNull (12 bytes)
Event: 5.685 Thread 0x0000000020c7e640 nmethod 964 0x000000000a4e3810 code [0x000000000a4e39a0, 0x000000000a4e3ad8]
Event: 5.685 Thread 0x0000000020c7e640  965       3       java.util.IdentityHashMap::hash (18 bytes)
Event: 5.685 Thread 0x0000000020c7e640 nmethod 965 0x000000000a4e3b90 code [0x000000000a4e3d20, 0x000000000a4e3e48]
Event: 5.685 Thread 0x0000000020c7e640  966       1       java.awt.Container::getLayout (5 bytes)
Event: 5.685 Thread 0x0000000020c7e640 nmethod 966 0x00000000118f0990 code [0x00000000118f0b20, 0x00000000118f0bf8]
Event: 5.688 Thread 0x0000000020c7e640  967   !   3       sun.nio.ch.FileChannelImpl::position (258 bytes)
Event: 5.690 Thread 0x0000000020c7e640 nmethod 967 0x000000000a4e3f10 code [0x000000000a4e4200, 0x000000000a4e51a8]
Event: 5.690 Thread 0x0000000020c7e640  968       3       sun.nio.ch.FileDispatcherImpl::seek (6 bytes)
Event: 5.690 Thread 0x0000000020c7e640 nmethod 968 0x000000000a4e5990 code [0x000000000a4e5b20, 0x000000000a4e5c68]
Event: 5.690 Thread 0x0000000020c7e640  970   !   3       sun.nio.ch.FileChannelImpl::read (266 bytes)
Event: 5.692 Thread 0x0000000020c7e640 nmethod 970 0x000000000a4e5d10 code [0x000000000a4e6020, 0x000000000a4e7008]
Event: 5.694 Thread 0x0000000020c7a510 nmethod 952 0x00000000118f1090 code [0x00000000118f1240, 0x00000000118f1cf8]
Event: 5.694 Thread 0x0000000020c7a510  954       4       jdk.internal.logger.SurrogateLogger::defaultPlatformLevel (4 bytes)
Event: 5.694 Thread 0x0000000020c7a510 nmethod 954 0x00000000118f2210 code [0x00000000118f2380, 0x00000000118f23f8]

GC Heap History (0 events):
No events

Deoptimization events (12 events):
Event: 0.190 Thread 0x0000000000378a50 Uncommon trap: trap_request=0xffffff45 fr.pc=0x00000000118b8eb4 relative=0x00000000000001b4
Event: 0.190 Thread 0x0000000000378a50 Uncommon trap: reason=unstable_if action=reinterpret pc=0x00000000118b8eb4 method=java.lang.String.hashCode()I @ 20 c2
Event: 0.190 Thread 0x0000000000378a50 DEOPT PACKING pc=0x00000000118b8eb4 sp=0x000000000215e880
Event: 0.190 Thread 0x0000000000378a50 DEOPT UNPACKING pc=0x0000000009e323a3 sp=0x000000000215e810 mode 2
Event: 0.414 Thread 0x0000000000378a50 Uncommon trap: trap_request=0xffffff45 fr.pc=0x00000000118bbcc4 relative=0x0000000000000664
Event: 0.414 Thread 0x0000000000378a50 Uncommon trap: reason=unstable_if action=reinterpret pc=0x00000000118bbcc4 method=java.util.HashMap.putVal(ILjava/lang/Object;Ljava/lang/Object;ZZ)Ljava/lang/Object; @ 69 c2
Event: 0.414 Thread 0x0000000000378a50 DEOPT PACKING pc=0x00000000118bbcc4 sp=0x000000000215dda0
Event: 0.414 Thread 0x0000000000378a50 DEOPT UNPACKING pc=0x0000000009e323a3 sp=0x000000000215dd40 mode 2
Event: 0.506 Thread 0x0000000000378a50 Uncommon trap: trap_request=0xffffff45 fr.pc=0x00000000118ba300 relative=0x0000000000000180
Event: 0.506 Thread 0x0000000000378a50 Uncommon trap: reason=unstable_if action=reinterpret pc=0x00000000118ba300 method=java.lang.String.equals(Ljava/lang/Object;)Z @ 33 c2
Event: 0.506 Thread 0x0000000000378a50 DEOPT PACKING pc=0x00000000118ba300 sp=0x000000000215f080
Event: 0.506 Thread 0x0000000000378a50 DEOPT UNPACKING pc=0x0000000009e323a3 sp=0x000000000215f020 mode 2

Classes unloaded (0 events):
No events

Classes redefined (0 events):
No events

Internal exceptions (15 events):
Event: 0.232 Thread 0x000000002261e970 Exception <a 'java/lang/NoSuchMethodError'{0x000000008a0ccbb8}: 'java.lang.Object java.lang.invoke.DirectMethodHandle$Holder.invokeStaticInit(java.lang.Object)'> (0x000000008a0ccbb8) 
thrown [t:\workspace\open\src\hotspot\share\interpreter\linkResolver.cpp, line 766]
Event: 0.242 Thread 0x000000002261e970 Exception <a 'java/lang/NoSuchMethodError'{0x000000008a0dad70}: 'void java.lang.invoke.DirectMethodHandle$Holder.invokeStatic(java.lang.Object, java.lang.Object)'> (0x000000008a0dad70) 
thrown [t:\workspace\open\src\hotspot\share\interpreter\linkResolver.cpp, line 766]
Event: 0.260 Thread 0x0000000000378a50 Exception <a 'java/lang/NoSuchMethodError'{0x0000000089f09df8}: 'java.lang.Object java.lang.invoke.Invokers$Holder.invoke_MT(java.lang.Object, java.lang.Object, java.lang.Object)'> (0x0000000089f09df8) 
thrown [t:\workspace\open\src\hotspot\share\interpreter\linkResolver.cpp, line 766]
Event: 0.270 Thread 0x0000000000378a50 Exception <a 'java/lang/ClassNotFoundException'{0x0000000089f172f8}: sun/awt/resources/spi/awtProvider> (0x0000000089f172f8) 
thrown [t:\workspace\open\src\hotspot\share\classfile\systemDictionary.cpp, line 256]
Event: 0.304 Thread 0x0000000000378a50 Exception <a 'java/io/FileNotFoundException'{0x0000000089f6b320}> (0x0000000089f6b320) 
thrown [t:\workspace\open\src\hotspot\share\prims\jni.cpp, line 516]
Event: 0.317 Thread 0x0000000000378a50 Exception <a 'java/io/FileNotFoundException'{0x0000000089f98790}> (0x0000000089f98790) 
thrown [t:\workspace\open\src\hotspot\share\prims\jni.cpp, line 516]
Event: 0.419 Thread 0x0000000000378a50 Exception <a 'java/lang/NoSuchMethodError'{0x0000000089e5d3b0}: 'void java.lang.invoke.DirectMethodHandle$Holder.invokeSpecial(java.lang.Object, java.lang.Object, java.lang.Object)'> (0x0000000089e5d3b0) 
thrown [t:\workspace\open\src\hotspot\share\interpreter\linkResolver.cpp, line 766]
Event: 0.431 Thread 0x0000000000378a50 Exception <a 'java/lang/NoSuchMethodError'{0x0000000089e87798}: 'java.lang.Object java.lang.invoke.DirectMethodHandle$Holder.newInvokeSpecial(java.lang.Object, java.lang.Object, java.lang.Object, java.lang.Object, java.lang.Object)'> (0x0000000089e87798) 
thrown [t:\workspace\open\src\hotspot\share\interpreter\linkResolver.cpp, line 766]
Event: 0.434 Thread 0x0000000000378a50 Exception <a 'java/lang/NoSuchMethodError'{0x0000000089e93160}: 'java.lang.Object java.lang.invoke.DirectMethodHandle$Holder.invokeStatic(java.lang.Object, int, java.lang.Object, java.lang.Object, java.lang.Object, java.lang.Object)'> (0x0000000089e93160) 
thrown [t:\workspace\open\src\hotspot\share\interpreter\linkResolver.cpp, line 766]
Event: 0.443 Thread 0x0000000000378a50 Exception <a 'java/lang/NoSuchMethodError'{0x0000000089eb89a8}: 'java.lang.Object java.lang.invoke.DirectMethodHandle$Holder.invokeStatic(java.lang.Object, int, java.lang.Object)'> (0x0000000089eb89a8) 
thrown [t:\workspace\open\src\hotspot\share\interpreter\linkResolver.cpp, line 766]
Event: 0.486 Thread 0x0000000000378a50 Exception <a 'java/lang/ClassNotFoundException'{0x0000000089d70b98}: com/sun/swing/internal/plaf/metal/resources/spi/metalProvider> (0x0000000089d70b98) 
thrown [t:\workspace\open\src\hotspot\share\classfile\systemDictionary.cpp, line 256]
Event: 0.488 Thread 0x0000000000378a50 Exception <a 'java/lang/ClassNotFoundException'{0x0000000089d74798}: com/sun/swing/internal/plaf/basic/resources/spi/basicProvider> (0x0000000089d74798) 
thrown [t:\workspace\open\src\hotspot\share\classfile\systemDictionary.cpp, line 256]
Event: 0.585 Thread 0x00000000226cc470 Exception <a 'java/lang/NoSuchMethodError'{0x0000000089dd7260}: 'java.lang.Object java.lang.invoke.DirectMethodHandle$Holder.newInvokeSpecial(java.lang.Object, java.lang.Object, java.lang.Object, int, int, int, int, int)'> (0x0000000089dd7260) 
thrown [t:\workspace\open\src\hotspot\share\interpreter\linkResolver.cpp, line 766]
Event: 0.763 Thread 0x0000000000378a50 Exception <a 'java/lang/NoSuchMethodError'{0x0000000089c4c270}: 'void java.lang.invoke.DirectMethodHandle$Holder.invokeStaticInit(java.lang.Object)'> (0x0000000089c4c270) 
thrown [t:\workspace\open\src\hotspot\share\interpreter\linkResolver.cpp, line 766]
Event: 0.860 Thread 0x00000000226cbfa0 Exception <a 'java/lang/NoSuchMethodError'{0x0000000089e10cb8}: 'void java.lang.invoke.DirectMethodHandle$Holder.invokeVirtual(java.lang.Object, java.lang.Object)'> (0x0000000089e10cb8) 
thrown [t:\workspace\open\src\hotspot\share\interpreter\linkResolver.cpp, line 766]

VM Operations (18 events):
Event: 0.149 Executing VM operation: HandshakeAllThreads
Event: 0.149 Executing VM operation: HandshakeAllThreads done
Event: 0.230 Executing VM operation: HandshakeAllThreads
Event: 0.230 Executing VM operation: HandshakeAllThreads done
Event: 0.500 Executing VM operation: HandshakeAllThreads
Event: 0.500 Executing VM operation: HandshakeAllThreads done
Event: 0.800 Executing VM operation: HandshakeAllThreads
Event: 0.800 Executing VM operation: HandshakeAllThreads done
Event: 0.871 Executing VM operation: HandshakeAllThreads
Event: 0.871 Executing VM operation: HandshakeAllThreads done
Event: 1.885 Executing VM operation: Cleanup
Event: 1.885 Executing VM operation: Cleanup done
Event: 2.899 Executing VM operation: Cleanup
Event: 2.899 Executing VM operation: Cleanup done
Event: 3.913 Executing VM operation: Cleanup
Event: 3.913 Executing VM operation: Cleanup done
Event: 4.927 Executing VM operation: Cleanup
Event: 4.927 Executing VM operation: Cleanup done

Events (20 events):
Event: 5.586 loading class javax/swing/plaf/metal/MetalComboBoxEditor$EditorBorder done
Event: 5.586 loading class javax/swing/plaf/metal/MetalComboBoxUI$MetalPropertyChangeListener
Event: 5.586 loading class javax/swing/plaf/basic/BasicComboBoxUI$PropertyChangeHandler
Event: 5.586 loading class javax/swing/plaf/basic/BasicComboBoxUI$PropertyChangeHandler done
Event: 5.586 loading class javax/swing/plaf/metal/MetalComboBoxUI$MetalPropertyChangeListener done
Event: 5.586 loading class javax/swing/plaf/basic/BasicComboBoxUI$Handler
Event: 5.587 loading class javax/swing/plaf/basic/BasicComboBoxUI$Handler done
Event: 5.587 loading class javax/swing/plaf/metal/MetalComboBoxButton
Event: 5.587 loading class javax/swing/plaf/metal/MetalComboBoxButton done
Event: 5.587 loading class javax/swing/plaf/metal/MetalComboBoxIcon
Event: 5.587 loading class javax/swing/plaf/metal/MetalComboBoxIcon done
Event: 5.588 loading class javax/swing/plaf/metal/MetalComboBoxButton$1
Event: 5.588 loading class javax/swing/plaf/metal/MetalComboBoxButton$1 done
Event: 5.589 loading class javax/swing/plaf/basic/BasicComboBoxUI$DefaultKeySelectionManager
Event: 5.589 loading class javax/swing/JComboBox$KeySelectionManager
Event: 5.589 loading class javax/swing/JComboBox$KeySelectionManager done
Event: 5.589 loading class javax/swing/plaf/basic/BasicComboBoxUI$DefaultKeySelectionManager done
Event: 5.651 loading class javax/swing/event/AncestorEvent
Event: 5.651 loading class javax/swing/event/AncestorEvent done
Event: 5.710 Thread 0x00000000226cc470 Thread exited: 0x00000000226cc470


Dynamic libraries:
0x000000013f740000 - 0x000000013f74e000 	C:\Users\Александр\.jdks\openjdk-17.0.2\bin\java.exe
0x00000000771e0000 - 0x000000007737f000 	C:\Windows\SYSTEM32\ntdll.dll
0x00000000770c0000 - 0x00000000771df000 	C:\Windows\system32\kernel32.dll
0x000007fefd190000 - 0x000007fefd1fa000 	C:\Windows\system32\KERNELBASE.dll
0x000007fefa4c0000 - 0x000007fefa4d8000 	C:\Users\Александр\.jdks\openjdk-17.0.2\bin\jli.dll
0x000007fefbb60000 - 0x000007fefbd54000 	C:\Windows\WinSxS\amd64_microsoft.windows.common-controls_6595b64144ccf1df_6.0.7601.18837_none_fa3b1e3d17594757\COMCTL32.dll
0x000007fefece0000 - 0x000007fefed7f000 	C:\Windows\system32\msvcrt.dll
0x000007feff410000 - 0x000007feff477000 	C:\Windows\system32\GDI32.dll
0x0000000076fc0000 - 0x00000000770ba000 	C:\Windows\system32\USER32.dll
0x000007fefeeb0000 - 0x000007fefeebe000 	C:\Windows\system32\LPK.dll
0x000007fefd840000 - 0x000007fefd90a000 	C:\Windows\system32\USP10.dll
0x000007fefeed0000 - 0x000007fefef41000 	C:\Windows\system32\SHLWAPI.dll
0x000007fefa4a0000 - 0x000007fefa4ba000 	C:\Users\Александр\.jdks\openjdk-17.0.2\bin\VCRUNTIME140.dll
0x000007fefa480000 - 0x000007fefa484000 	C:\Users\Александр\.jdks\openjdk-17.0.2\bin\api-ms-win-crt-runtime-l1-1-0.dll
0x000007fee20c0000 - 0x000007fee21ba000 	C:\Users\Александр\.jdks\openjdk-17.0.2\bin\ucrtbase.DLL
0x000007fefa490000 - 0x000007fefa493000 	C:\Users\Александр\.jdks\openjdk-17.0.2\bin\api-ms-win-core-localization-l1-2-0.dll
0x000007fefa460000 - 0x000007fefa463000 	C:\Users\Александр\.jdks\openjdk-17.0.2\bin\api-ms-win-core-processthreads-l1-1-1.dll
0x000007fefa470000 - 0x000007fefa473000 	C:\Users\Александр\.jdks\openjdk-17.0.2\bin\api-ms-win-core-file-l1-2-0.dll
0x000007fefa440000 - 0x000007fefa443000 	C:\Users\Александр\.jdks\openjdk-17.0.2\bin\api-ms-win-core-timezone-l1-1-0.dll
0x000007fefa450000 - 0x000007fefa453000 	C:\Users\Александр\.jdks\openjdk-17.0.2\bin\api-ms-win-core-file-l2-1-0.dll
0x000007fefa420000 - 0x000007fefa423000 	C:\Users\Александр\.jdks\openjdk-17.0.2\bin\api-ms-win-core-synch-l1-2-0.dll
0x000007fefa430000 - 0x000007fefa433000 	C:\Users\Александр\.jdks\openjdk-17.0.2\bin\api-ms-win-crt-heap-l1-1-0.dll
0x000007fefa400000 - 0x000007fefa404000 	C:\Users\Александр\.jdks\openjdk-17.0.2\bin\api-ms-win-crt-string-l1-1-0.dll
0x000007fefa410000 - 0x000007fefa414000 	C:\Users\Александр\.jdks\openjdk-17.0.2\bin\api-ms-win-crt-stdio-l1-1-0.dll
0x000007fefa350000 - 0x000007fefa354000 	C:\Users\Александр\.jdks\openjdk-17.0.2\bin\api-ms-win-crt-convert-l1-1-0.dll
0x000007fefa3f0000 - 0x000007fefa3f3000 	C:\Users\Александр\.jdks\openjdk-17.0.2\bin\api-ms-win-crt-environment-l1-1-0.dll
0x000007fef5de0000 - 0x000007fef5de3000 	C:\Users\Александр\.jdks\openjdk-17.0.2\bin\api-ms-win-crt-filesystem-l1-1-0.dll
0x000007fef5df0000 - 0x000007fef5df5000 	C:\Users\Александр\.jdks\openjdk-17.0.2\bin\api-ms-win-crt-math-l1-1-0.dll
0x000007fef5dc0000 - 0x000007fef5dc3000 	C:\Users\Александр\.jdks\openjdk-17.0.2\bin\api-ms-win-crt-locale-l1-1-0.dll
0x000007fefd9b0000 - 0x000007fefd9de000 	C:\Windows\system32\IMM32.DLL
0x000007fefdac0000 - 0x000007fefdbc9000 	C:\Windows\system32\MSCTF.dll
0x000007fef5dd0000 - 0x000007fef5ddc000 	C:\Users\Александр\.jdks\openjdk-17.0.2\bin\vcruntime140_1.dll
0x000007fee3800000 - 0x000007fee388d000 	C:\Users\Александр\.jdks\openjdk-17.0.2\bin\msvcp140.dll
0x000007fef5da0000 - 0x000007fef5da3000 	C:\Users\Александр\.jdks\openjdk-17.0.2\bin\api-ms-win-crt-time-l1-1-0.dll
0x000007fef5db0000 - 0x000007fef5db3000 	C:\Users\Александр\.jdks\openjdk-17.0.2\bin\api-ms-win-crt-utility-l1-1-0.dll
0x000007fed8fc0000 - 0x000007fed9b81000 	C:\Users\Александр\.jdks\openjdk-17.0.2\bin\server\jvm.dll
0x000007fefed80000 - 0x000007fefee5b000 	C:\Windows\system32\ADVAPI32.dll
0x000007feff480000 - 0x000007feff49f000 	C:\Windows\SYSTEM32\sechost.dll
0x000007fefeff0000 - 0x000007feff11c000 	C:\Windows\system32\RPCRT4.dll
0x000007fef5570000 - 0x000007fef5579000 	C:\Windows\system32\WSOCK32.dll
0x000007fefee60000 - 0x000007fefeead000 	C:\Windows\system32\WS2_32.dll
0x000007fefeec0000 - 0x000007fefeec8000 	C:\Windows\system32\NSI.dll
0x000007fefa850000 - 0x000007fefa88b000 	C:\Windows\system32\WINMM.dll
0x000007fefc1f0000 - 0x000007fefc1fc000 	C:\Windows\system32\VERSION.dll
0x0000000077380000 - 0x0000000077387000 	C:\Windows\system32\PSAPI.DLL
0x000007fef5d80000 - 0x000007fef5d8a000 	C:\Users\Александр\.jdks\openjdk-17.0.2\bin\jimage.dll
0x000007fef8980000 - 0x000007fef8aa5000 	C:\Windows\system32\DBGHELP.DLL
0x000007fef5d90000 - 0x000007fef5d9e000 	C:\Users\Александр\.jdks\openjdk-17.0.2\bin\instrument.dll
0x000007fee4f10000 - 0x000007fee4f35000 	C:\Users\Александр\.jdks\openjdk-17.0.2\bin\java.dll
0x000007fee3690000 - 0x000007fee3766000 	C:\Users\Александр\.jdks\openjdk-17.0.2\bin\jsvml.dll
0x000007fefddd0000 - 0x000007fefeb58000 	C:\Windows\system32\SHELL32.dll
0x000007feff200000 - 0x000007feff403000 	C:\Windows\system32\ole32.dll
0x000007fefd0e0000 - 0x000007fefd0ef000 	C:\Windows\system32\profapi.dll
0x000007fee4eb0000 - 0x000007fee4ec8000 	C:\Users\Александр\.jdks\openjdk-17.0.2\bin\zip.dll
0x000007fee4ef0000 - 0x000007fee4f09000 	C:\Users\Александр\.jdks\openjdk-17.0.2\bin\net.dll
0x000007fef8570000 - 0x000007fef85e1000 	C:\Windows\system32\WINHTTP.dll
0x000007fef8500000 - 0x000007fef8564000 	C:\Windows\system32\webio.dll
0x000007fefc900000 - 0x000007fefc955000 	C:\Windows\system32\mswsock.dll
0x000007fefc8f0000 - 0x000007fefc8f7000 	C:\Windows\System32\wship6.dll
0x000007fee4ed0000 - 0x000007fee4ee6000 	C:\Users\Александр\.jdks\openjdk-17.0.2\bin\nio.dll
0x000007fee4e90000 - 0x000007fee4eaa000 	C:\Program Files\JetBrains\IntelliJ IDEA Community Edition 2022.1\bin\breakgen64.dll
0x000007fedacc0000 - 0x000007fedae4e000 	C:\Users\Александр\.jdks\openjdk-17.0.2\bin\awt.dll
0x000007feff120000 - 0x000007feff1f7000 	C:\Windows\system32\OLEAUT32.dll
0x000007fefae90000 - 0x000007fefaea8000 	C:\Windows\system32\DWMAPI.DLL
0x000007fee3bf0000 - 0x000007fee3d0d000 	C:\Windows\system32\opengl32.dll
0x000007fee3bc0000 - 0x000007fee3bed000 	C:\Windows\system32\GLU32.dll
0x000007fee3ac0000 - 0x000007fee3bb1000 	C:\Windows\system32\DDRAW.dll
0x000007fee3ab0000 - 0x000007fee3ab8000 	C:\Windows\system32\DCIMAN32.dll
0x000007fefdbd0000 - 0x000007fefdda7000 	C:\Windows\system32\SETUPAPI.dll
0x000007fefd260000 - 0x000007fefd296000 	C:\Windows\system32\CFGMGR32.dll
0x000007fefd200000 - 0x000007fefd21a000 	C:\Windows\system32\DEVOBJ.dll
0x000007fefb950000 - 0x000007fefb9a6000 	C:\Windows\system32\uxtheme.dll
0x000007fefd010000 - 0x000007fefd01f000 	C:\Windows\system32\CRYPTBASE.dll
0x000007fedac30000 - 0x000007fedacb9000 	C:\Users\Александр\.jdks\openjdk-17.0.2\bin\freetype.dll
0x000007fee0710000 - 0x000007fee07b8000 	C:\Users\Александр\.jdks\openjdk-17.0.2\bin\fontmanager.dll
0x000007fefd910000 - 0x000007fefd9a9000 	C:\Windows\system32\CLBCatQ.DLL
0x000007fefa890000 - 0x000007fefa9f1000 	C:\Windows\system32\WindowsCodecs.dll
0x000007fefcfb0000 - 0x000007fefd007000 	C:\Windows\system32\apphelp.dll
0x000007fef7cc0000 - 0x000007fef7dd5000 	C:\Users\Александр\AppData\Roaming\Yandex\YandexDisk2\3.2.22.4746\YandexDisk3ShellExt-1511.dll
0x000007fef9ea0000 - 0x000007fef9ea7000 	C:\Windows\system32\MSIMG32.dll
0x000007fefc3e0000 - 0x000007fefc3fe000 	C:\Windows\system32\USERENV.dll
0x000007fefb730000 - 0x000007fefb946000 	C:\Windows\WinSxS\amd64_microsoft.windows.gdiplus_6595b64144ccf1df_1.1.7601.23688_none_145d575e8b8eb5b3\gdiplus.dll
0x000007fef7b40000 - 0x000007fef7caa000 	C:\Users\Александр\AppData\Local\Microsoft\OneDrive\20.134.0705.0008\amd64\FileSyncShell64.dll
0x000007fefb9b0000 - 0x000007fefbadc000 	C:\Windows\system32\PROPSYS.dll
0x000007fefd710000 - 0x000007fefd83a000 	C:\Windows\system32\WININET.dll
0x000007fefeb60000 - 0x000007fefecd8000 	C:\Windows\system32\urlmon.dll
0x000007fefd340000 - 0x000007fefd4ad000 	C:\Windows\system32\CRYPT32.dll
0x000007fefd180000 - 0x000007fefd18f000 	C:\Windows\system32\MSASN1.dll
0x000007fefd4b0000 - 0x000007fefd709000 	C:\Windows\system32\iertutil.dll
0x000007fefadd0000 - 0x000007fefade1000 	C:\Windows\system32\WTSAPI32.dll

dbghelp: loaded successfully - version: 4.0.5 - missing functions: none
symbol engine: initialized successfully - sym options: 0x614 - pdb path: .;C:\Users\Александр\.jdks\openjdk-17.0.2\bin;C:\Windows\SYSTEM32;C:\Windows\WinSxS\amd64_microsoft.windows.common-controls_6595b64144ccf1df_6.0.7601.18837_none_fa3b1e3d17594757;C:\Users\Александр\.jdks\openjdk-17.0.2\bin\server;C:\Program Files\JetBrains\IntelliJ IDEA Community Edition 2022.1\bin;C:\Users\Александр\AppData\Roaming\Yandex\YandexDisk2\3.2.22.4746;C:\Windows\WinSxS\amd64_microsoft.windows.gdiplus_6595b64144ccf1df_1.1.7601.23688_none_145d575e8b8eb5b3;C:\Users\Александр\AppData\Local\Microsoft\OneDrive\20.134.0705.0008\amd64

VM Arguments:
jvm_args: -javaagent:C:\Program Files\JetBrains\IntelliJ IDEA Community Edition 2022.1\lib\idea_rt.jar=50017:C:\Program Files\JetBrains\IntelliJ IDEA Community Edition 2022.1\bin -Dfile.encoding=UTF-8 
java_command: Main
java_class_path (initial): C:\Users\Александр\Desktop\Java-Bakay\gra\out\production\gra
Launcher Type: SUN_STANDARD

[Global flags]
     intx CICompilerCount                          = 3                                         {product} {ergonomic}
     uint ConcGCThreads                            = 1                                         {product} {ergonomic}
     uint G1ConcRefinementThreads                  = 4                                         {product} {ergonomic}
   size_t G1HeapRegionSize                         = 1048576                                   {product} {ergonomic}
    uintx GCDrainStackTargetSize                   = 64                                        {product} {ergonomic}
   size_t InitialHeapSize                          = 132120576                                 {product} {ergonomic}
   size_t MarkStackSize                            = 4194304                                   {product} {ergonomic}
   size_t MaxHeapSize                              = 2109734912                                {product} {ergonomic}
   size_t MaxNewSize                               = 1265631232                                {product} {ergonomic}
   size_t MinHeapDeltaBytes                        = 1048576                                   {product} {ergonomic}
   size_t MinHeapSize                              = 8388608                                   {product} {ergonomic}
    uintx NonNMethodCodeHeapSize                   = 5832780                                {pd product} {ergonomic}
    uintx NonProfiledCodeHeapSize                  = 122912730                              {pd product} {ergonomic}
    uintx ProfiledCodeHeapSize                     = 122912730                              {pd product} {ergonomic}
    uintx ReservedCodeCacheSize                    = 251658240                              {pd product} {ergonomic}
     bool SegmentedCodeCache                       = true                                      {product} {ergonomic}
   size_t SoftMaxHeapSize                          = 2109734912                             {manageable} {ergonomic}
     bool UseCompressedClassPointers               = true                           {product lp64_product} {ergonomic}
     bool UseCompressedOops                        = true                           {product lp64_product} {ergonomic}
     bool UseG1GC                                  = true                                      {product} {ergonomic}
     bool UseLargePagesIndividualAllocation        = false                                  {pd product} {ergonomic}

Logging:
Log output configuration:
 #0: stdout all=warning uptime,level,tags
 #1: stderr all=off uptime,level,tags

Environment Variables:
JAVA_HOME=C:\Program Files\Java\jdk1.8.0_201
PATH=C:\Program Files (x86)\Common Files\Intel\Shared Libraries\redist\intel64\compiler;d:\Program Files (x86)\Embarcadero\Studio\16.0\bin;C:\Users\Public\Documents\Embarcadero\Studio\16.0\Bpl;d:\Program Files (x86)\Embarcadero\Studio\16.0\bin64;C:\Users\Public\Documents\Embarcadero\Studio\16.0\Bpl\Win64;C:\Program Files (x86)\Common Files\Oracle\Java\javapath;C:\WINDOWS\system32;C:\WINDOWS;C:\Program Files\Java\jdk1.8.0_201\bin;C:\Program Files\dotnet\;C:\Program Files\MATLAB\R2007b\bin;C:\Program Files\MATLAB\R2007b\bin\win64;C:\Program Files (x86)\QuickTime\QTSystem\;C:\Users\Александр\AppData\Local\Programs\Python\Python38\Scripts\;C:\Users\Александр\AppData\Local\Programs\Python\Python38\;C:\WINDOWS\system32;C:\WINDOWS;C:\Program Files\Java\jdk1.8.0_201\bin;C:\Users\Александр\.dotnet\tools;C:\Program Files\JetBrains\PyCharm Community Edition 2022.2.3\bin;
USERNAME=Александр
OS=Windows_NT
PROCESSOR_IDENTIFIER=Intel64 Family 6 Model 42 Stepping 7, GenuineIntel



---------------  S Y S T E M  ---------------

OS:
 Windows 7 , 64 bit Build 7601 (6.1.7601.24384)
OS uptime: 0 days 0:42 hours

CPU: total 4 (initial active 4) (2 cores per cpu, 2 threads per core) family 6 model 42 stepping 7 microcode 0x0, cx8, cmov, fxsr, ht, mmx, sse, sse2, sse3, ssse3, sse4.1, sse4.2, popcnt, tsc, tscinvbit, avx, aes, clmul, vzeroupper, clflush

Memory: 4k page, system-wide physical 8043M (3536M free)
TotalPageFile size 16085M (AvailPageFile size 10918M)
current process WorkingSet (physical memory assigned to process): 63M, peak: 63M
current process commit charge ("private bytes"): 225M, peak: 225M

vm_info: OpenJDK 64-Bit Server VM (17.0.2+8-86) for windows-amd64 JRE (17.0.2+8-86), built on Dec  7 2021 21:49:10 by "mach5one" with MS VC++ 16.8 / 16.9 (VS2019)

END.
